#
# There is insufficient memory for the Java Runtime Environment to continue.
# Native memory allocation (malloc) failed to allocate 393936 bytes for Chunk::new
# Possible reasons:
#   The system is out of physical RAM or swap space
#   The process is running with CompressedOops enabled, and the Java Heap may be blocking the growth of the native heap
# Possible solutions:
#   Reduce memory load on the system
#   Increase physical memory or swap space
#   Check if swap backing store is full
#   Decrease Java heap size (-Xmx/-Xms)
#   Decrease number of Java threads
#   Decrease Java thread stack sizes (-Xss)
#   Set larger code cache with -XX:ReservedCodeCacheSize=
#   JVM is running with Unscaled Compressed Oops mode in which the Java heap is
#     placed in the first 4GB address space. The Java Heap base address is the
#     maximum limit for the native heap growth. Please use -XX:HeapBaseMinAddress
#     to set the Java Heap base and to place the Java Heap above 4GB virtual address.
# This output file may be truncated or incomplete.
#
#  Out of Memory Error (allocation.cpp:390), pid=11376, tid=0x0000000000000d18
#
# JRE version: Java(TM) SE Runtime Environment (8.0_201-b09) (build 1.8.0_201-b09)
# Java VM: Java HotSpot(TM) 64-Bit Server VM (25.201-b09 mixed mode windows-amd64 compressed oops)
# Failed to write core dump. Minidumps are not enabled by default on client versions of Windows
#

---------------  T H R E A D  ---------------

Current thread (0x0000000014e90000):  JavaThread "C2 CompilerThread0" daemon [_thread_in_native, id=3352, stack(0x0000000016500000,0x0000000016600000)]

Stack: [0x0000000016500000,0x0000000016600000]
[error occurred during error reporting (printing stack bounds), id 0xc0000005]

Native frames: (J=compiled Java code, j=interpreted, Vv=VM code, C=native code)


Current CompileTask:
C2:   1915 1306       4       org.codehaus.plexus.util.xml.pull.MXParser::parseStartTag (1195 bytes)


---------------  P R O C E S S  ---------------

Java Threads: ( => current thread )
  0x0000000016843800 JavaThread "Service Thread" daemon [_thread_blocked, id=4424, stack(0x0000000016c00000,0x0000000016d00000)]
  0x0000000014e9b800 JavaThread "C1 CompilerThread2" daemon [_thread_blocked, id=7320, stack(0x0000000016700000,0x0000000016800000)]
  0x0000000014e93000 JavaThread "C2 CompilerThread1" daemon [_thread_in_native, id=10324, stack(0x0000000016600000,0x0000000016700000)]
=>0x0000000014e90000 JavaThread "C2 CompilerThread0" daemon [_thread_in_native, id=3352, stack(0x0000000016500000,0x0000000016600000)]
  0x0000000014e8e800 JavaThread "Attach Listener" daemon [_thread_blocked, id=8040, stack(0x0000000016400000,0x0000000016500000)]
  0x0000000014e8b000 JavaThread "Signal Dispatcher" daemon [_thread_blocked, id=12028, stack(0x0000000016300000,0x0000000016400000)]
  0x000000000275c800 JavaThread "Finalizer" daemon [_thread_blocked, id=4764, stack(0x0000000016110000,0x0000000016210000)]
  0x0000000014e7a000 JavaThread "Reference Handler" daemon [_thread_blocked, id=2648, stack(0x0000000016010000,0x0000000016110000)]
  0x0000000002663800 JavaThread "main" [_thread_in_vm_trans, id=9948, stack(0x0000000000d60000,0x0000000000e60000)]

Other Threads:
  0x0000000014e59000 VMThread [stack: 0x0000000015f10000,0x0000000016010000] [id=404]
  0x0000000016845000 WatcherThread [stack: 0x0000000016d00000,0x0000000016e00000] [id=7020]

VM state:not at safepoint (normal execution)

VM Mutex/Monitor currently owned by a thread: None

heap address: 0x00000000c0000000, size: 1024 MB, Compressed Oops mode: 32-bit
Narrow klass base: 0x0000000000000000, Narrow klass shift: 3
Compressed class space size: 1073741824 Address: 0x0000000100000000

Heap:
 PSYoungGen      total 28160K, used 22705K [0x00000000eab00000, 0x00000000eca00000, 0x0000000100000000)
  eden space 24576K, 77% used [0x00000000eab00000,0x00000000ebdb23d0,0x00000000ec300000)
  from space 3584K, 99% used [0x00000000ec680000,0x00000000ec9fa240,0x00000000eca00000)
  to   space 3584K, 0% used [0x00000000ec300000,0x00000000ec300000,0x00000000ec680000)
 ParOldGen       total 64512K, used 2250K [0x00000000c0000000, 0x00000000c3f00000, 0x00000000eab00000)
  object space 64512K, 3% used [0x00000000c0000000,0x00000000c0232a90,0x00000000c3f00000)
 Metaspace       used 12883K, capacity 13054K, committed 13312K, reserved 1060864K
  class space    used 1607K, capacity 1669K, committed 1792K, reserved 1048576K

Card table byte_map: [0x0000000011b80000,0x0000000011d90000] byte_map_base: 0x0000000011580000

Marking Bits: (ParMarkBitMap*) 0x0000000075754ce0
 Begin Bits: [0x00000000122f0000, 0x00000000132f0000)
 End Bits:   [0x00000000132f0000, 0x00000000142f0000)

Polling page: 0x0000000000910000

CodeCache: size=245760Kb used=4607Kb max_used=4607Kb free=241152Kb
 bounds [0x00000000027c0000, 0x0000000002c50000, 0x00000000117c0000]
 total_blobs=1648 nmethods=1320 adapters=240
 compilation: enabled

Compilation events (10 events):
Event: 1.890 Thread 0x0000000014e9b800 1325       3       org.codehaus.plexus.util.xml.Xpp3Dom::getChildCount (20 bytes)
Event: 1.890 Thread 0x0000000014e9b800 nmethod 1325 0x0000000002c42050 code [0x0000000002c421c0, 0x0000000002c42428]
Event: 1.890 Thread 0x0000000014e9b800 1326       1       org.apache.maven.model.Plugin::getGroupId (5 bytes)
Event: 1.890 Thread 0x0000000014e9b800 nmethod 1326 0x0000000002c424d0 code [0x0000000002c42620, 0x0000000002c42730]
Event: 1.890 Thread 0x0000000014e9b800 1327       1       org.apache.maven.model.Plugin::getArtifactId (5 bytes)
Event: 1.891 Thread 0x0000000014e9b800 nmethod 1327 0x0000000002c42790 code [0x0000000002c428e0, 0x0000000002c429f0]
Event: 1.909 Thread 0x0000000014e9b800 1328       1       java.lang.String::toString (2 bytes)
Event: 1.909 Thread 0x0000000014e9b800 nmethod 1328 0x0000000002c42a50 code [0x0000000002c42ba0, 0x0000000002c42cb0]
Event: 1.910 Thread 0x0000000014e9b800 1329       3       java.lang.String::contains (20 bytes)
Event: 1.910 Thread 0x0000000014e9b800 nmethod 1329 0x0000000002c42d10 code [0x0000000002c42ea0, 0x0000000002c43338]

GC Heap History (4 events):
Event: 0.824 GC heap before
{Heap before GC invocations=1 (full 0):
 PSYoungGen      total 28160K, used 24576K [0x00000000eab00000, 0x00000000eca00000, 0x0000000100000000)
  eden space 24576K, 100% used [0x00000000eab00000,0x00000000ec300000,0x00000000ec300000)
  from space 3584K, 0% used [0x00000000ec680000,0x00000000ec680000,0x00000000eca00000)
  to   space 3584K, 0% used [0x00000000ec300000,0x00000000ec300000,0x00000000ec680000)
 ParOldGen       total 64512K, used 0K [0x00000000c0000000, 0x00000000c3f00000, 0x00000000eab00000)
  object space 64512K, 0% used [0x00000000c0000000,0x00000000c0000000,0x00000000c3f00000)
 Metaspace       used 7186K, capacity 7276K, committed 7424K, reserved 1056768K
  class space    used 889K, capacity 920K, committed 1024K, reserved 1048576K
Event: 0.832 GC heap after
Heap after GC invocations=1 (full 0):
 PSYoungGen      total 28160K, used 3578K [0x00000000eab00000, 0x00000000eca00000, 0x0000000100000000)
  eden space 24576K, 0% used [0x00000000eab00000,0x00000000eab00000,0x00000000ec300000)
  from space 3584K, 99% used [0x00000000ec300000,0x00000000ec67ea48,0x00000000ec680000)
  to   space 3584K, 0% used [0x00000000ec680000,0x00000000ec680000,0x00000000eca00000)
 ParOldGen       total 64512K, used 346K [0x00000000c0000000, 0x00000000c3f00000, 0x00000000eab00000)
  object space 64512K, 0% used [0x00000000c0000000,0x00000000c00569d8,0x00000000c3f00000)
 Metaspace       used 7186K, capacity 7276K, committed 7424K, reserved 1056768K
  class space    used 889K, capacity 920K, committed 1024K, reserved 1048576K
}
Event: 1.342 GC heap before
{Heap before GC invocations=2 (full 0):
 PSYoungGen      total 28160K, used 28154K [0x00000000eab00000, 0x00000000eca00000, 0x0000000100000000)
  eden space 24576K, 100% used [0x00000000eab00000,0x00000000ec300000,0x00000000ec300000)
  from space 3584K, 99% used [0x00000000ec300000,0x00000000ec67ea48,0x00000000ec680000)
  to   space 3584K, 0% used [0x00000000ec680000,0x00000000ec680000,0x00000000eca00000)
 ParOldGen       total 64512K, used 346K [0x00000000c0000000, 0x00000000c3f00000, 0x00000000eab00000)
  object space 64512K, 0% used [0x00000000c0000000,0x00000000c00569d8,0x00000000c3f00000)
 Metaspace       used 10148K, capacity 10348K, committed 10624K, reserved 1058816K
  class space    used 1269K, capacity 1346K, committed 1408K, reserved 1048576K
Event: 1.351 GC heap after
Heap after GC invocations=2 (full 0):
 PSYoungGen      total 28160K, used 3560K [0x00000000eab00000, 0x00000000eca00000, 0x0000000100000000)
  eden space 24576K, 0% used [0x00000000eab00000,0x00000000eab00000,0x00000000ec300000)
  from space 3584K, 99% used [0x00000000ec680000,0x00000000ec9fa240,0x00000000eca00000)
  to   space 3584K, 0% used [0x00000000ec300000,0x00000000ec300000,0x00000000ec680000)
 ParOldGen       total 64512K, used 2250K [0x00000000c0000000, 0x00000000c3f00000, 0x00000000eab00000)
  object space 64512K, 3% used [0x00000000c0000000,0x00000000c0232a90,0x00000000c3f00000)
 Metaspace       used 10148K, capacity 10348K, committed 10624K, reserved 1058816K
  class space    used 1269K, capacity 1346K, committed 1408K, reserved 1048576K
}

Deoptimization events (9 events):
Event: 0.843 Thread 0x0000000002663800 Uncommon trap: reason=unstable_if action=reinterpret pc=0x0000000002a50604 method=org.codehaus.plexus.util.InterpolationFilterReader.read([CII)I @ 18
Event: 0.849 Thread 0x0000000002663800 Uncommon trap: reason=unstable_if action=reinterpret pc=0x0000000002a3d904 method=org.codehaus.plexus.util.xml.pull.MXParser.nextImpl()I @ 241
Event: 0.872 Thread 0x0000000002663800 Uncommon trap: reason=unstable_if action=reinterpret pc=0x0000000002a4de34 method=org.codehaus.plexus.util.xml.pull.MXParser.isWhitespace()Z @ 20
Event: 0.931 Thread 0x0000000002663800 Uncommon trap: reason=unstable_if action=reinterpret pc=0x000000000297e424 method=sun.misc.MetaIndex.mayContain(Ljava/lang/String;)Z @ 38
Event: 0.996 Thread 0x0000000002663800 Uncommon trap: reason=unstable_if action=reinterpret pc=0x0000000002a66b40 method=java.util.HashMap.getNode(ILjava/lang/Object;)Ljava/util/HashMap$Node; @ 129
Event: 0.996 Thread 0x0000000002663800 Uncommon trap: reason=unstable_if action=reinterpret pc=0x0000000002a54bfc method=java.util.HashMap.getNode(ILjava/lang/Object;)Ljava/util/HashMap$Node; @ 129
Event: 1.705 Thread 0x0000000002663800 Uncommon trap: reason=unstable_if action=reinterpret pc=0x0000000002a930c0 method=org.codehaus.plexus.util.xml.pull.MXParser.parseStartTag()I @ 443
Event: 1.781 Thread 0x0000000002663800 Uncommon trap: reason=unstable_if action=reinterpret pc=0x0000000002c072e8 method=org.codehaus.plexus.util.xml.pull.MXParser.isS(C)Z @ 21
Event: 1.849 Thread 0x0000000002663800 Uncommon trap: reason=unstable_if action=reinterpret pc=0x000000000297aa9c method=java.lang.String.replace(CC)Ljava/lang/String; @ 2

Classes redefined (0 events):
No events

Internal exceptions (10 events):
Event: 0.546 Thread 0x0000000002663800 Exception <a 'java/lang/ArrayIndexOutOfBoundsException': 18> (0x00000000eb671d70) thrown at [C:\re\workspace\8-2-build-windows-amd64-cygwin\jdk8u201\12322\hotspot\src\share\vm\interpreter\interpreterRuntime.cpp, line 368]
Event: 0.546 Thread 0x0000000002663800 Exception <a 'java/lang/ArrayIndexOutOfBoundsException': 43> (0x00000000eb672c10) thrown at [C:\re\workspace\8-2-build-windows-amd64-cygwin\jdk8u201\12322\hotspot\src\share\vm\interpreter\interpreterRuntime.cpp, line 368]
Event: 0.547 Thread 0x0000000002663800 Exception <a 'java/lang/ArrayIndexOutOfBoundsException': 92> (0x00000000eb6744a8) thrown at [C:\re\workspace\8-2-build-windows-amd64-cygwin\jdk8u201\12322\hotspot\src\share\vm\interpreter\interpreterRuntime.cpp, line 368]
Event: 0.601 Thread 0x0000000002663800 Exception <a 'java/lang/ArrayIndexOutOfBoundsException'> (0x00000000eb871920) thrown at [C:\re\workspace\8-2-build-windows-amd64-cygwin\jdk8u201\12322\hotspot\src\share\vm\runtime\sharedRuntime.cpp, line 605]
Event: 0.616 Thread 0x0000000002663800 Exception <a 'java/lang/ArrayIndexOutOfBoundsException'> (0x00000000eb8bfd00) thrown at [C:\re\workspace\8-2-build-windows-amd64-cygwin\jdk8u201\12322\hotspot\src\share\vm\runtime\sharedRuntime.cpp, line 605]
Event: 0.880 Thread 0x0000000002663800 Exception <a 'java/lang/ArrayIndexOutOfBoundsException'> (0x00000000eaec7e18) thrown at [C:\re\workspace\8-2-build-windows-amd64-cygwin\jdk8u201\12322\hotspot\src\share\vm\runtime\sharedRuntime.cpp, line 605]
Event: 0.880 Thread 0x0000000002663800 Exception <a 'java/lang/ArrayIndexOutOfBoundsException'> (0x00000000eaec97c0) thrown at [C:\re\workspace\8-2-build-windows-amd64-cygwin\jdk8u201\12322\hotspot\src\share\vm\runtime\sharedRuntime.cpp, line 605]
Event: 0.935 Thread 0x0000000002663800 Exception <a 'java/lang/ArrayIndexOutOfBoundsException'> (0x00000000eb039798) thrown at [C:\re\workspace\8-2-build-windows-amd64-cygwin\jdk8u201\12322\hotspot\src\share\vm\runtime\sharedRuntime.cpp, line 605]
Event: 0.947 Thread 0x0000000002663800 Exception <a 'java/lang/ArrayIndexOutOfBoundsException'> (0x00000000eb0d77e0) thrown at [C:\re\workspace\8-2-build-windows-amd64-cygwin\jdk8u201\12322\hotspot\src\share\vm\runtime\sharedRuntime.cpp, line 605]
Event: 0.947 Thread 0x0000000002663800 Exception <a 'java/lang/ArrayIndexOutOfBoundsException'> (0x00000000eb0d85e8) thrown at [C:\re\workspace\8-2-build-windows-amd64-cygwin\jdk8u201\12322\hotspot\src\share\vm\runtime\sharedRuntime.cpp, line 605]

Events (10 events):
Event: 1.904 loading class org/apache/maven/model/interpolation/StringSearchModelInterpolator$InterpolateObjectAction$ListField
Event: 1.904 loading class org/apache/maven/model/interpolation/StringSearchModelInterpolator$InterpolateObjectAction$ListField done
Event: 1.905 loading class org/apache/maven/model/DistributionManagement
Event: 1.905 loading class org/apache/maven/model/DistributionManagement done
Event: 1.906 loading class org/apache/maven/model/interpolation/StringSearchModelInterpolator$InterpolateObjectAction$MapField
Event: 1.906 loading class org/apache/maven/model/interpolation/StringSearchModelInterpolator$InterpolateObjectAction$MapField done
Event: 1.907 loading class org/codehaus/plexus/interpolation/util/ValueSourceUtils
Event: 1.907 loading class org/codehaus/plexus/interpolation/util/ValueSourceUtils done
Event: 1.911 loading class org/codehaus/plexus/interpolation/reflection/ReflectionValueExtractor
Event: 1.911 loading class org/codehaus/plexus/interpolation/reflection/ReflectionValueExtractor done


Dynamic libraries:
0x00007ff771d50000 - 0x00007ff771d87000 	C:\PROGRA~1\Java\jdk1.8.0_201\bin\java.exe
0x00007ff8cf140000 - 0x00007ff8cf321000 	C:\WINDOWS\SYSTEM32\ntdll.dll
0x00007ff8cc790000 - 0x00007ff8cc842000 	C:\WINDOWS\System32\KERNEL32.DLL
0x00007ff8cc1a0000 - 0x00007ff8cc413000 	C:\WINDOWS\System32\KERNELBASE.dll
0x00007ff8ced30000 - 0x00007ff8cedd1000 	C:\WINDOWS\System32\ADVAPI32.dll
0x00007ff8cd6c0000 - 0x00007ff8cd75e000 	C:\WINDOWS\System32\msvcrt.dll
0x00007ff8cc930000 - 0x00007ff8cc98b000 	C:\WINDOWS\System32\sechost.dll
0x00007ff8cc600000 - 0x00007ff8cc724000 	C:\WINDOWS\System32\RPCRT4.dll
0x00007ff8cd450000 - 0x00007ff8cd5e0000 	C:\WINDOWS\System32\USER32.dll
0x00007ff8cc080000 - 0x00007ff8cc0a0000 	C:\WINDOWS\System32\win32u.dll
0x00007ff8cc5d0000 - 0x00007ff8cc5f8000 	C:\WINDOWS\System32\GDI32.dll
0x00007ff8cb5e0000 - 0x00007ff8cb772000 	C:\WINDOWS\System32\gdi32full.dll
0x00007ff8cc4d0000 - 0x00007ff8cc56f000 	C:\WINDOWS\System32\msvcp_win.dll
0x00007ff8cc0a0000 - 0x00007ff8cc19a000 	C:\WINDOWS\System32\ucrtbase.dll
0x00007ff8bb410000 - 0x00007ff8bb679000 	C:\WINDOWS\WinSxS\amd64_microsoft.windows.common-controls_6595b64144ccf1df_6.0.17134.590_none_fb3d9bff3069e088\COMCTL32.dll
0x00007ff8cede0000 - 0x00007ff8cf102000 	C:\WINDOWS\System32\combase.dll
0x00007ff8cb560000 - 0x00007ff8cb5da000 	C:\WINDOWS\System32\bcryptPrimitives.dll
0x00007ff8cd8c0000 - 0x00007ff8cd8ed000 	C:\WINDOWS\System32\IMM32.DLL
0x00000000757e0000 - 0x00000000758b1000 	C:\PROGRA~1\Java\jdk1.8.0_201\jre\bin\msvcr100.dll
0x0000000074f30000 - 0x00000000757d4000 	C:\PROGRA~1\Java\jdk1.8.0_201\jre\bin\server\jvm.dll
0x00007ff8cd8b0000 - 0x00007ff8cd8b8000 	C:\WINDOWS\System32\PSAPI.DLL
0x00007ff8bdf30000 - 0x00007ff8bdf39000 	C:\WINDOWS\SYSTEM32\WSOCK32.dll
0x00007ff8c7720000 - 0x00007ff8c7743000 	C:\WINDOWS\SYSTEM32\WINMM.dll
0x00007ff8be800000 - 0x00007ff8be80a000 	C:\WINDOWS\SYSTEM32\VERSION.dll
0x00007ff8cd3e0000 - 0x00007ff8cd44c000 	C:\WINDOWS\System32\WS2_32.dll
0x00007ff8c7360000 - 0x00007ff8c738a000 	C:\WINDOWS\SYSTEM32\winmmbase.dll
0x00007ff8cb510000 - 0x00007ff8cb559000 	C:\WINDOWS\System32\cfgmgr32.dll
0x00007ff8bbf20000 - 0x00007ff8bbf2f000 	C:\PROGRA~1\Java\jdk1.8.0_201\jre\bin\verify.dll
0x00007ff8b6da0000 - 0x00007ff8b6dc9000 	C:\PROGRA~1\Java\jdk1.8.0_201\jre\bin\java.dll
0x00007ff8b7850000 - 0x00007ff8b7866000 	C:\PROGRA~1\Java\jdk1.8.0_201\jre\bin\zip.dll
0x00007ff8cd8f0000 - 0x00007ff8ced30000 	C:\WINDOWS\System32\SHELL32.dll
0x00007ff8cd800000 - 0x00007ff8cd8a9000 	C:\WINDOWS\System32\shcore.dll
0x00007ff8cb970000 - 0x00007ff8cc07d000 	C:\WINDOWS\System32\windows.storage.dll
0x00007ff8cc730000 - 0x00007ff8cc781000 	C:\WINDOWS\System32\shlwapi.dll
0x00007ff8cb470000 - 0x00007ff8cb481000 	C:\WINDOWS\System32\kernel.appcore.dll
0x00007ff8cb450000 - 0x00007ff8cb46f000 	C:\WINDOWS\System32\profapi.dll
0x00007ff8cb4b0000 - 0x00007ff8cb4fc000 	C:\WINDOWS\System32\powrprof.dll
0x00007ff8cb500000 - 0x00007ff8cb50a000 	C:\WINDOWS\System32\FLTLIB.DLL
0x00007ff8b5a90000 - 0x00007ff8b5aaa000 	C:\Program Files\Java\jdk1.8.0_201\jre\bin\net.dll
0x00007ff8c38d0000 - 0x00007ff8c3a99000 	C:\WINDOWS\SYSTEM32\urlmon.dll
0x00007ff8c2560000 - 0x00007ff8c2805000 	C:\WINDOWS\SYSTEM32\iertutil.dll
0x00007ff8cae20000 - 0x00007ff8cae2b000 	C:\WINDOWS\SYSTEM32\CRYPTBASE.DLL
0x00007ff8cac70000 - 0x00007ff8cacd6000 	C:\WINDOWS\system32\mswsock.dll
0x00007ff8b5a20000 - 0x00007ff8b5a31000 	C:\Program Files\Java\jdk1.8.0_201\jre\bin\nio.dll

VM Arguments:
jvm_args: -Xmx1024m -XX:MaxPermSize=256M -Dclassworlds.conf=C:\apache-maven-3.2.1\bin\..\bin\m2.conf -Dmaven.home=C:\apache-maven-3.2.1\bin\.. 
java_command: org.codehaus.plexus.classworlds.launcher.Launcher clean install -T 10
java_class_path (initial): C:\apache-maven-3.2.1\bin\..\boot\plexus-classworlds-2.5.1.jar
Launcher Type: SUN_STANDARD

Environment Variables:
JAVA_HOME=C:\PROGRA~1\Java\jdk1.8.0_201
CLASSPATH=.;
PATH=C:\ProgramData\Oracle\Java\javapath;C:\app\product\11.2.0\dbhome_1\bin;C:\WINDOWS\system32;C:\WINDOWS;C:\WINDOWS\System32\Wbem;C:\WINDOWS\System32\WindowsPowerShell\v1.0\;C:\Program Files\Intel\WiFi\bin\;C:\Program Files\Common Files\Intel\WirelessCommon\;C:\Program Files\WIDCOMM\Bluetooth Software\;C:\Program Files\WIDCOMM\Bluetooth Software\syswow64;C:\Program Files (x86)\Hewlett-Packard\HP SimplePass Identity Protection\x64;C:\Program Files\Int;c:\Program Files (x86)\Microsoft SQL Server\100\Tools\Binn\VSShell\Common7\IDE\;C:\Program Files (x86)\Hewlett-Packard\HP SimplePass Identity Protection\;C:\PROGRA~1\Java\jdk1.8.0_201\bin;C:\apache-maven-3.2.1\bin;C:\Program Files\Git\cmd;C:\WINDOWS\System32\OpenSSH\;C:\Users\Ruan Felipe\AppData\Local\Microsoft\WindowsApps;C:\Program Files\Docker Toolbox;C:\Program Files\Docker Toolbox
USERNAME=Ruan Felipe
OS=Windows_NT
PROCESSOR_IDENTIFIER=Intel64 Family 6 Model 37 Stepping 5, GenuineIntel



---------------  S Y S T E M  ---------------

OS: Windows 10.0 , 64 bit Build 17134 (10.0.17134.556)

CPU:total 4 (initial active 4) (2 cores per cpu, 2 threads per core) family 6 model 37 stepping 5, cmov, cx8, fxsr, mmx, sse, sse2, sse3, ssse3, sse4.1, sse4.2, popcnt, ht, tsc, tscinvbit

Memory: 4k page, physical 6084460k(345716k free), swap 6084460k(5464k free)

vm_info: Java HotSpot(TM) 64-Bit Server VM (25.201-b09) for windows-amd64 JRE (1.8.0_201-b09), built on Dec 15 2018 18:36:39 by "java_re" with MS VC++ 10.0 (VS2010)

time: Sat Feb 23 04:48:09 2019
timezone: E. South America Standard Time
elapsed time: 1 seconds (0d 0h 0m 1s)

