#
# There is insufficient memory for the Java Runtime Environment to continue.
# Native memory allocation (malloc) failed to allocate 2206576 bytes for Chunk::new
# Possible reasons:
#   The system is out of physical RAM or swap space
#   The process is running with CompressedOops enabled, and the Java Heap may be blocking the growth of the native heap
# Possible solutions:
#   Reduce memory load on the system
#   Increase physical memory or swap space
#   Check if swap backing store is full
#   Decrease Java heap size (-Xmx/-Xms)
#   Decrease number of Java threads
#   Decrease Java thread stack sizes (-Xss)
#   Set larger code cache with -XX:ReservedCodeCacheSize=
#   JVM is running with Unscaled Compressed Oops mode in which the Java heap is
#     placed in the first 4GB address space. The Java Heap base address is the
#     maximum limit for the native heap growth. Please use -XX:HeapBaseMinAddress
#     to set the Java Heap base and to place the Java Heap above 4GB virtual address.
# This output file may be truncated or incomplete.
#
#  Out of Memory Error (allocation.cpp:390), pid=10460, tid=0x0000000000000efc
#
# JRE version: Java(TM) SE Runtime Environment (8.0_201-b09) (build 1.8.0_201-b09)
# Java VM: Java HotSpot(TM) 64-Bit Server VM (25.201-b09 mixed mode windows-amd64 compressed oops)
# Failed to write core dump. Minidumps are not enabled by default on client versions of Windows
#

---------------  T H R E A D  ---------------

Current thread (0x00000000161b1000):  JavaThread "C2 CompilerThread0" daemon [_thread_in_native, id=3836, stack(0x0000000017800000,0x0000000017900000)]

Stack: [0x0000000017800000,0x0000000017900000]
[error occurred during error reporting (printing stack bounds), id 0xc0000005]

Native frames: (J=compiled Java code, j=interpreted, Vv=VM code, C=native code)


Current CompileTask:
C2:   5276 1680   !   4       java.net.URLClassLoader$1::run (63 bytes)


---------------  P R O C E S S  ---------------

Java Threads: ( => current thread )
  0x0000000018ae9800 JavaThread "background-preinit" [_thread_in_vm, id=508, stack(0x000000001a010000,0x000000001a110000)]
  0x0000000017c9f800 JavaThread "surefire-forkedjvm-ping-30s" daemon [_thread_blocked, id=7984, stack(0x0000000018200000,0x0000000018300000)]
  0x0000000017c04800 JavaThread "surefire-forkedjvm-command-thread" daemon [_thread_in_native, id=7192, stack(0x0000000018100000,0x0000000018200000)]
  0x0000000017b48000 JavaThread "Service Thread" daemon [_thread_blocked, id=6656, stack(0x0000000017f00000,0x0000000018000000)]
  0x00000000161c1800 JavaThread "C1 CompilerThread2" daemon [_thread_blocked, id=2760, stack(0x0000000017a00000,0x0000000017b00000)]
  0x00000000161b4000 JavaThread "C2 CompilerThread1" daemon [_thread_in_native, id=8176, stack(0x0000000017900000,0x0000000017a00000)]
=>0x00000000161b1000 JavaThread "C2 CompilerThread0" daemon [_thread_in_native, id=3836, stack(0x0000000017800000,0x0000000017900000)]
  0x00000000161ac800 JavaThread "Attach Listener" daemon [_thread_blocked, id=5048, stack(0x0000000017700000,0x0000000017800000)]
  0x00000000161ab000 JavaThread "Signal Dispatcher" daemon [_thread_blocked, id=440, stack(0x0000000017600000,0x0000000017700000)]
  0x0000000002a0b800 JavaThread "Finalizer" daemon [_thread_blocked, id=8636, stack(0x0000000017410000,0x0000000017510000)]
  0x0000000002a03000 JavaThread "Reference Handler" daemon [_thread_blocked, id=4424, stack(0x0000000017310000,0x0000000017410000)]
  0x000000000280e000 JavaThread "main" [_thread_in_vm, id=7868, stack(0x0000000002810000,0x0000000002910000)]

Other Threads:
  0x0000000016177000 VMThread [stack: 0x0000000017210000,0x0000000017310000] [id=8608]
  0x0000000017b52000 WatcherThread [stack: 0x0000000018000000,0x0000000018100000] [id=2604]

VM state:not at safepoint (normal execution)

VM Mutex/Monitor currently owned by a thread: None

heap address: 0x00000000a3200000, size: 1486 MB, Compressed Oops mode: 32-bit
Narrow klass base: 0x0000000000000000, Narrow klass shift: 3
Compressed class space size: 1073741824 Address: 0x0000000100000000

Heap:
 PSYoungGen      total 52736K, used 41913K [0x00000000e1100000, 0x00000000e4800000, 0x0000000100000000)
  eden space 49152K, 85% used [0x00000000e1100000,0x00000000e39ee7b8,0x00000000e4100000)
  from space 3584K, 0% used [0x00000000e4100000,0x00000000e4100000,0x00000000e4480000)
  to   space 3584K, 0% used [0x00000000e4480000,0x00000000e4480000,0x00000000e4800000)
 ParOldGen       total 46080K, used 7137K [0x00000000a3200000, 0x00000000a5f00000, 0x00000000e1100000)
  object space 46080K, 15% used [0x00000000a3200000,0x00000000a38f8698,0x00000000a5f00000)
 Metaspace       used 24524K, capacity 25202K, committed 25472K, reserved 1071104K
  class space    used 3178K, capacity 3352K, committed 3456K, reserved 1048576K

Card table byte_map: [0x0000000011dd0000,0x00000000120c0000] byte_map_base: 0x00000000118b7000

Marking Bits: (ParMarkBitMap*) 0x0000000076184ce0
 Begin Bits: [0x00000000126b0000, 0x0000000013de8000)
 End Bits:   [0x0000000013de8000, 0x0000000015520000)

Polling page: 0x00000000005f0000

CodeCache: size=245760Kb used=6673Kb max_used=6673Kb free=239086Kb
 bounds [0x0000000002a10000, 0x00000000030a0000, 0x0000000011a10000]
 total_blobs=2287 nmethods=1901 adapters=299
 compilation: enabled

Compilation events (10 events):
Event: 5.212 Thread 0x00000000161c1800 nmethod 1886 0x0000000003087410 code [0x0000000003087560, 0x0000000003087670]
Event: 5.212 Thread 0x00000000161c1800 1887       3       org.springframework.core.annotation.OrderUtils::getOrder (85 bytes)
Event: 5.214 Thread 0x00000000161c1800 nmethod 1887 0x00000000030876d0 code [0x00000000030879a0, 0x0000000003088d98]
Event: 5.228 Thread 0x00000000161c1800 1888       3       org.springframework.util.CompositeIterator::next (63 bytes)
Event: 5.228 Thread 0x00000000161c1800 nmethod 1888 0x0000000003089890 code [0x0000000003089a80, 0x000000000308a258]
Event: 5.228 Thread 0x00000000161c1800 1889       3       org.springframework.boot.autoconfigure.condition.BeanTypeRegistry$$Lambda$164/1166106620::accept (12 bytes)
Event: 5.229 Thread 0x00000000161c1800 nmethod 1889 0x000000000308a4d0 code [0x000000000308a660, 0x000000000308aaa8]
Event: 5.229 Thread 0x00000000161c1800 1890       3       org.springframework.boot.autoconfigure.condition.BeanTypeRegistry::updateTypesIfNecessary (27 bytes)
Event: 5.229 Thread 0x00000000161c1800 nmethod 1890 0x000000000308ac50 code [0x000000000308ade0, 0x000000000308b0e8]
Event: 5.233 Thread 0x00000000161c1800 1891       3       org.springframework.beans.factory.support.AbstractBeanFactory::getMergedBeanDefinition (44 bytes)

GC Heap History (10 events):
Event: 2.602 GC heap before
{Heap before GC invocations=2 (full 0):
 PSYoungGen      total 28160K, used 28151K [0x00000000e1100000, 0x00000000e3000000, 0x0000000100000000)
  eden space 24576K, 100% used [0x00000000e1100000,0x00000000e2900000,0x00000000e2900000)
  from space 3584K, 99% used [0x00000000e2900000,0x00000000e2c7df98,0x00000000e2c80000)
  to   space 3584K, 0% used [0x00000000e2c80000,0x00000000e2c80000,0x00000000e3000000)
 ParOldGen       total 64512K, used 738K [0x00000000a3200000, 0x00000000a7100000, 0x00000000e1100000)
  object space 64512K, 1% used [0x00000000a3200000,0x00000000a32b8838,0x00000000a7100000)
 Metaspace       used 12186K, capacity 12448K, committed 12672K, reserved 1060864K
  class space    used 1458K, capacity 1546K, committed 1664K, reserved 1048576K
Event: 2.616 GC heap after
Heap after GC invocations=2 (full 0):
 PSYoungGen      total 28160K, used 3559K [0x00000000e1100000, 0x00000000e4800000, 0x0000000100000000)
  eden space 24576K, 0% used [0x00000000e1100000,0x00000000e1100000,0x00000000e2900000)
  from space 3584K, 99% used [0x00000000e2c80000,0x00000000e2ff9e20,0x00000000e3000000)
  to   space 3584K, 0% used [0x00000000e2900000,0x00000000e2900000,0x00000000e2c80000)
 ParOldGen       total 64512K, used 2040K [0x00000000a3200000, 0x00000000a7100000, 0x00000000e1100000)
  object space 64512K, 3% used [0x00000000a3200000,0x00000000a33fe158,0x00000000a7100000)
 Metaspace       used 12186K, capacity 12448K, committed 12672K, reserved 1060864K
  class space    used 1458K, capacity 1546K, committed 1664K, reserved 1048576K
}
Event: 3.386 GC heap before
{Heap before GC invocations=3 (full 0):
 PSYoungGen      total 28160K, used 28135K [0x00000000e1100000, 0x00000000e4800000, 0x0000000100000000)
  eden space 24576K, 100% used [0x00000000e1100000,0x00000000e2900000,0x00000000e2900000)
  from space 3584K, 99% used [0x00000000e2c80000,0x00000000e2ff9e20,0x00000000e3000000)
  to   space 3584K, 0% used [0x00000000e2900000,0x00000000e2900000,0x00000000e2c80000)
 ParOldGen       total 64512K, used 2040K [0x00000000a3200000, 0x00000000a7100000, 0x00000000e1100000)
  object space 64512K, 3% used [0x00000000a3200000,0x00000000a33fe158,0x00000000a7100000)
 Metaspace       used 15874K, capacity 16316K, committed 16512K, reserved 1062912K
  class space    used 2018K, capacity 2133K, committed 2176K, reserved 1048576K
Event: 3.397 GC heap after
Heap after GC invocations=3 (full 0):
 PSYoungGen      total 28160K, used 3552K [0x00000000e1100000, 0x00000000e4800000, 0x0000000100000000)
  eden space 24576K, 0% used [0x00000000e1100000,0x00000000e1100000,0x00000000e2900000)
  from space 3584K, 99% used [0x00000000e2900000,0x00000000e2c78020,0x00000000e2c80000)
  to   space 3584K, 0% used [0x00000000e4480000,0x00000000e4480000,0x00000000e4800000)
 ParOldGen       total 64512K, used 4166K [0x00000000a3200000, 0x00000000a7100000, 0x00000000e1100000)
  object space 64512K, 6% used [0x00000000a3200000,0x00000000a36118c0,0x00000000a7100000)
 Metaspace       used 15874K, capacity 16316K, committed 16512K, reserved 1062912K
  class space    used 2018K, capacity 2133K, committed 2176K, reserved 1048576K
}
Event: 3.713 GC heap before
{Heap before GC invocations=4 (full 0):
 PSYoungGen      total 28160K, used 28128K [0x00000000e1100000, 0x00000000e4800000, 0x0000000100000000)
  eden space 24576K, 100% used [0x00000000e1100000,0x00000000e2900000,0x00000000e2900000)
  from space 3584K, 99% used [0x00000000e2900000,0x00000000e2c78020,0x00000000e2c80000)
  to   space 3584K, 0% used [0x00000000e4480000,0x00000000e4480000,0x00000000e4800000)
 ParOldGen       total 64512K, used 4166K [0x00000000a3200000, 0x00000000a7100000, 0x00000000e1100000)
  object space 64512K, 6% used [0x00000000a3200000,0x00000000a36118c0,0x00000000a7100000)
 Metaspace       used 18106K, capacity 18570K, committed 18688K, reserved 1064960K
  class space    used 2392K, capacity 2512K, committed 2560K, reserved 1048576K
Event: 3.723 GC heap after
Heap after GC invocations=4 (full 0):
 PSYoungGen      total 52736K, used 3568K [0x00000000e1100000, 0x00000000e4800000, 0x0000000100000000)
  eden space 49152K, 0% used [0x00000000e1100000,0x00000000e1100000,0x00000000e4100000)
  from space 3584K, 99% used [0x00000000e4480000,0x00000000e47fc030,0x00000000e4800000)
  to   space 3584K, 0% used [0x00000000e4100000,0x00000000e4100000,0x00000000e4480000)
 ParOldGen       total 64512K, used 6715K [0x00000000a3200000, 0x00000000a7100000, 0x00000000e1100000)
  object space 64512K, 10% used [0x00000000a3200000,0x00000000a388ec98,0x00000000a7100000)
 Metaspace       used 18106K, capacity 18570K, committed 18688K, reserved 1064960K
  class space    used 2392K, capacity 2512K, committed 2560K, reserved 1048576K
}
Event: 4.141 GC heap before
{Heap before GC invocations=5 (full 0):
 PSYoungGen      total 52736K, used 29634K [0x00000000e1100000, 0x00000000e4800000, 0x0000000100000000)
  eden space 49152K, 53% used [0x00000000e1100000,0x00000000e2a74ad0,0x00000000e4100000)
  from space 3584K, 99% used [0x00000000e4480000,0x00000000e47fc030,0x00000000e4800000)
  to   space 3584K, 0% used [0x00000000e4100000,0x00000000e4100000,0x00000000e4480000)
 ParOldGen       total 64512K, used 6715K [0x00000000a3200000, 0x00000000a7100000, 0x00000000e1100000)
  object space 64512K, 10% used [0x00000000a3200000,0x00000000a388ec98,0x00000000a7100000)
 Metaspace       used 20623K, capacity 21194K, committed 21296K, reserved 1067008K
  class space    used 2687K, capacity 2870K, committed 2944K, reserved 1048576K
Event: 4.154 GC heap after
Heap after GC invocations=5 (full 0):
 PSYoungGen      total 52736K, used 3569K [0x00000000e1100000, 0x00000000e4800000, 0x0000000100000000)
  eden space 49152K, 0% used [0x00000000e1100000,0x00000000e1100000,0x00000000e4100000)
  from space 3584K, 99% used [0x00000000e4100000,0x00000000e447c448,0x00000000e4480000)
  to   space 3584K, 0% used [0x00000000e4480000,0x00000000e4480000,0x00000000e4800000)
 ParOldGen       total 64512K, used 9739K [0x00000000a3200000, 0x00000000a7100000, 0x00000000e1100000)
  object space 64512K, 15% used [0x00000000a3200000,0x00000000a3b82f78,0x00000000a7100000)
 Metaspace       used 20623K, capacity 21194K, committed 21296K, reserved 1067008K
  class space    used 2687K, capacity 2870K, committed 2944K, reserved 1048576K
}
Event: 4.154 GC heap before
{Heap before GC invocations=6 (full 1):
 PSYoungGen      total 52736K, used 3569K [0x00000000e1100000, 0x00000000e4800000, 0x0000000100000000)
  eden space 49152K, 0% used [0x00000000e1100000,0x00000000e1100000,0x00000000e4100000)
  from space 3584K, 99% used [0x00000000e4100000,0x00000000e447c448,0x00000000e4480000)
  to   space 3584K, 0% used [0x00000000e4480000,0x00000000e4480000,0x00000000e4800000)
 ParOldGen       total 64512K, used 9739K [0x00000000a3200000, 0x00000000a7100000, 0x00000000e1100000)
  object space 64512K, 15% used [0x00000000a3200000,0x00000000a3b82f78,0x00000000a7100000)
 Metaspace       used 20623K, capacity 21194K, committed 21296K, reserved 1067008K
  class space    used 2687K, capacity 2870K, committed 2944K, reserved 1048576K
Event: 4.207 GC heap after
Heap after GC invocations=6 (full 1):
 PSYoungGen      total 52736K, used 0K [0x00000000e1100000, 0x00000000e4800000, 0x0000000100000000)
  eden space 49152K, 0% used [0x00000000e1100000,0x00000000e1100000,0x00000000e4100000)
  from space 3584K, 0% used [0x00000000e4100000,0x00000000e4100000,0x00000000e4480000)
  to   space 3584K, 0% used [0x00000000e4480000,0x00000000e4480000,0x00000000e4800000)
 ParOldGen       total 46080K, used 7137K [0x00000000a3200000, 0x00000000a5f00000, 0x00000000e1100000)
  object space 46080K, 15% used [0x00000000a3200000,0x00000000a38f8698,0x00000000a5f00000)
 Metaspace       used 20623K, capacity 21194K, committed 21296K, reserved 1067008K
  class space    used 2687K, capacity 2870K, committed 2944K, reserved 1048576K
}

Deoptimization events (10 events):
Event: 3.408 Thread 0x000000000280e000 Uncommon trap: reason=null_assert action=make_not_entrant pc=0x0000000002d111e8 method=java.util.zip.ZipEntry.<init>(Ljava/util/zip/ZipEntry;)V @ 70
Event: 3.445 Thread 0x000000000280e000 Uncommon trap: reason=unstable_if action=reinterpret pc=0x0000000002cc127c method=java.util.HashMap.hash(Ljava/lang/Object;)I @ 1
Event: 3.728 Thread 0x0000000018ae9800 Uncommon trap: reason=bimorphic action=maybe_recompile pc=0x0000000002d9a388 method=java.util.HashMap.putVal(ILjava/lang/Object;Ljava/lang/Object;ZZ)Ljava/lang/Object; @ 203
Event: 3.744 Thread 0x0000000018ae9800 Uncommon trap: reason=bimorphic action=maybe_recompile pc=0x0000000002d9a388 method=java.util.HashMap.putVal(ILjava/lang/Object;Ljava/lang/Object;ZZ)Ljava/lang/Object; @ 203
Event: 3.747 Thread 0x0000000018ae9800 Uncommon trap: reason=bimorphic action=maybe_recompile pc=0x0000000002d9a388 method=java.util.HashMap.putVal(ILjava/lang/Object;Ljava/lang/Object;ZZ)Ljava/lang/Object; @ 203
Event: 4.072 Thread 0x000000000280e000 Uncommon trap: reason=bimorphic action=maybe_recompile pc=0x0000000002d9a388 method=java.util.HashMap.putVal(ILjava/lang/Object;Ljava/lang/Object;ZZ)Ljava/lang/Object; @ 203
Event: 4.072 Thread 0x000000000280e000 Uncommon trap: reason=bimorphic action=maybe_recompile pc=0x0000000002d9d570 method=java.util.HashMap.putVal(ILjava/lang/Object;Ljava/lang/Object;ZZ)Ljava/lang/Object; @ 203
Event: 4.638 Thread 0x000000000280e000 Uncommon trap: reason=unstable_if action=reinterpret pc=0x0000000002e26f4c method=java.util.concurrent.ConcurrentHashMap.putVal(Ljava/lang/Object;Ljava/lang/Object;Z)Ljava/lang/Object; @ 113
Event: 4.695 Thread 0x000000000280e000 Uncommon trap: reason=unstable_if action=reinterpret pc=0x0000000002e307d8 method=org.springframework.boot.context.properties.source.ConfigurationPropertyName$ElementsParser.updateType(Lorg/springframework/boot/context/properties/source/ConfigurationPrope
Event: 4.770 Thread 0x0000000018ae9800 Uncommon trap: reason=unstable_if action=reinterpret pc=0x0000000002eae628 method=jdk.internal.org.objectweb.asm.Type.getArgumentsAndReturnSizes(Ljava/lang/String;)I @ 47

Classes redefined (0 events):
No events

Internal exceptions (10 events):
Event: 3.730 Thread 0x000000000280e000 Exception <a 'java/lang/ClassNotFoundException': org/springframework/core/PriorityOrderedCustomizer> (0x00000000e116ca78) thrown at [C:\re\workspace\8-2-build-windows-amd64-cygwin\jdk8u201\12322\hotspot\src\share\vm\classfile\systemDictionary.cpp, line 21
Event: 3.730 Thread 0x000000000280e000 Exception <a 'java/lang/ClassNotFoundException': org/springframework/core/OrderedCustomizer> (0x00000000e117df40) thrown at [C:\re\workspace\8-2-build-windows-amd64-cygwin\jdk8u201\12322\hotspot\src\share\vm\classfile\systemDictionary.cpp, line 210]
Event: 3.731 Thread 0x000000000280e000 Exception <a 'java/lang/ClassNotFoundException': org/springframework/context/ResourceLoaderAwareCustomizer> (0x00000000e1193f10) thrown at [C:\re\workspace\8-2-build-windows-amd64-cygwin\jdk8u201\12322\hotspot\src\share\vm\classfile\systemDictionary.cpp, 
Event: 3.731 Thread 0x000000000280e000 Exception <a 'java/lang/ClassNotFoundException': org/springframework/beans/factory/AwareCustomizer> (0x00000000e1242af0) thrown at [C:\re\workspace\8-2-build-windows-amd64-cygwin\jdk8u201\12322\hotspot\src\share\vm\classfile\systemDictionary.cpp, line 210
Event: 3.732 Thread 0x000000000280e000 Exception <a 'java/lang/ClassNotFoundException': org/springframework/beans/factory/BeanClassLoaderAwareCustomizer> (0x00000000e1259c30) thrown at [C:\re\workspace\8-2-build-windows-amd64-cygwin\jdk8u201\12322\hotspot\src\share\vm\classfile\systemDictionar
Event: 3.732 Thread 0x000000000280e000 Exception <a 'java/lang/ClassNotFoundException': org/springframework/beans/factory/AwareCustomizer> (0x00000000e126e118) thrown at [C:\re\workspace\8-2-build-windows-amd64-cygwin\jdk8u201\12322\hotspot\src\share\vm\classfile\systemDictionary.cpp, line 210
Event: 3.733 Thread 0x000000000280e000 Exception <a 'java/lang/ClassNotFoundException': org/springframework/context/EnvironmentAwareCustomizer> (0x00000000e12828c8) thrown at [C:\re\workspace\8-2-build-windows-amd64-cygwin\jdk8u201\12322\hotspot\src\share\vm\classfile\systemDictionary.cpp, lin
Event: 3.733 Thread 0x000000000280e000 Exception <a 'java/lang/ClassNotFoundException': org/springframework/beans/factory/AwareCustomizer> (0x00000000e1296c90) thrown at [C:\re\workspace\8-2-build-windows-amd64-cygwin\jdk8u201\12322\hotspot\src\share\vm\classfile\systemDictionary.cpp, line 210
Event: 4.058 Thread 0x000000000280e000 Exception <a 'java/lang/IncompatibleClassChangeError': Found class java.lang.Object, but interface was expected> (0x00000000e248de00) thrown at [C:\re\workspace\8-2-build-windows-amd64-cygwin\jdk8u201\12322\hotspot\src\share\vm\interpreter\linkResolver.cp
Event: 4.780 Thread 0x0000000018ae9800 Exception <a 'java/lang/IncompatibleClassChangeError': Found class java.lang.Object, but interface was expected> (0x00000000e2ea3b40) thrown at [C:\re\workspace\8-2-build-windows-amd64-cygwin\jdk8u201\12322\hotspot\src\share\vm\interpreter\linkResolver.cp

Events (10 events):
Event: 5.226 loading class com/sun/org/apache/xerces/internal/impl/dtd/XMLDTDProcessor done
Event: 5.226 loading class com/sun/org/apache/xerces/internal/impl/dtd/XMLEntityDecl
Event: 5.226 loading class org/springframework/web/servlet/View
Event: 5.226 loading class org/springframework/web/servlet/View done
Event: 5.229 loading class org/springframework/boot/autoconfigure/web/servlet/error/ErrorMvcAutoConfiguration$DefaultErrorViewResolverConfiguration
Event: 5.229 loading class org/springframework/boot/autoconfigure/web/servlet/error/ErrorMvcAutoConfiguration$DefaultErrorViewResolverConfiguration done
Event: 5.231 loading class org/springframework/boot/autoconfigure/web/servlet/error/DefaultErrorViewResolver
Event: 5.231 loading class org/springframework/boot/autoconfigure/web/servlet/error/DefaultErrorViewResolver done
Event: 5.231 loading class org/springframework/boot/autoconfigure/web/servlet/error/ErrorViewResolver
Event: 5.231 loading class org/springframework/boot/autoconfigure/web/servlet/error/ErrorViewResolver done


Dynamic libraries:
0x00007ff76d3c0000 - 0x00007ff76d3f7000 	C:\PROGRA~1\Java\jdk1.8.0_201\jre\bin\java.exe
0x00007ff8cf140000 - 0x00007ff8cf321000 	C:\WINDOWS\SYSTEM32\ntdll.dll
0x00007ff8cc790000 - 0x00007ff8cc842000 	C:\WINDOWS\System32\KERNEL32.DLL
0x00007ff8cc1a0000 - 0x00007ff8cc413000 	C:\WINDOWS\System32\KERNELBASE.dll
0x00007ff8ced30000 - 0x00007ff8cedd1000 	C:\WINDOWS\System32\ADVAPI32.dll
0x00007ff8cd6c0000 - 0x00007ff8cd75e000 	C:\WINDOWS\System32\msvcrt.dll
0x00007ff8cc930000 - 0x00007ff8cc98b000 	C:\WINDOWS\System32\sechost.dll
0x00007ff8cc600000 - 0x00007ff8cc724000 	C:\WINDOWS\System32\RPCRT4.dll
0x00007ff8cd450000 - 0x00007ff8cd5e0000 	C:\WINDOWS\System32\USER32.dll
0x00007ff8cc080000 - 0x00007ff8cc0a0000 	C:\WINDOWS\System32\win32u.dll
0x00007ff8cc5d0000 - 0x00007ff8cc5f8000 	C:\WINDOWS\System32\GDI32.dll
0x00007ff8cb5e0000 - 0x00007ff8cb772000 	C:\WINDOWS\System32\gdi32full.dll
0x00007ff8cc4d0000 - 0x00007ff8cc56f000 	C:\WINDOWS\System32\msvcp_win.dll
0x00007ff8cc0a0000 - 0x00007ff8cc19a000 	C:\WINDOWS\System32\ucrtbase.dll
0x00007ff8bb410000 - 0x00007ff8bb679000 	C:\WINDOWS\WinSxS\amd64_microsoft.windows.common-controls_6595b64144ccf1df_6.0.17134.590_none_fb3d9bff3069e088\COMCTL32.dll
0x00007ff8cede0000 - 0x00007ff8cf102000 	C:\WINDOWS\System32\combase.dll
0x00007ff8cb560000 - 0x00007ff8cb5da000 	C:\WINDOWS\System32\bcryptPrimitives.dll
0x00007ff8cd8c0000 - 0x00007ff8cd8ed000 	C:\WINDOWS\System32\IMM32.DLL
0x0000000076210000 - 0x00000000762e1000 	C:\PROGRA~1\Java\jdk1.8.0_201\jre\bin\msvcr100.dll
0x0000000075960000 - 0x0000000076204000 	C:\PROGRA~1\Java\jdk1.8.0_201\jre\bin\server\jvm.dll
0x00007ff8cd8b0000 - 0x00007ff8cd8b8000 	C:\WINDOWS\System32\PSAPI.DLL
0x00007ff8bdf30000 - 0x00007ff8bdf39000 	C:\WINDOWS\SYSTEM32\WSOCK32.dll
0x00007ff8c7720000 - 0x00007ff8c7743000 	C:\WINDOWS\SYSTEM32\WINMM.dll
0x00007ff8be800000 - 0x00007ff8be80a000 	C:\WINDOWS\SYSTEM32\VERSION.dll
0x00007ff8cd3e0000 - 0x00007ff8cd44c000 	C:\WINDOWS\System32\WS2_32.dll
0x00007ff8c7360000 - 0x00007ff8c738a000 	C:\WINDOWS\SYSTEM32\WINMMBASE.dll
0x00007ff8cb510000 - 0x00007ff8cb559000 	C:\WINDOWS\System32\cfgmgr32.dll
0x00007ff8c38c0000 - 0x00007ff8c38cf000 	C:\PROGRA~1\Java\jdk1.8.0_201\jre\bin\verify.dll
0x00007ff8b76e0000 - 0x00007ff8b7709000 	C:\PROGRA~1\Java\jdk1.8.0_201\jre\bin\java.dll
0x00007ff8b79c0000 - 0x00007ff8b79d6000 	C:\PROGRA~1\Java\jdk1.8.0_201\jre\bin\zip.dll
0x00007ff8cd8f0000 - 0x00007ff8ced30000 	C:\WINDOWS\System32\SHELL32.dll
0x00007ff8cd800000 - 0x00007ff8cd8a9000 	C:\WINDOWS\System32\shcore.dll
0x00007ff8cb970000 - 0x00007ff8cc07d000 	C:\WINDOWS\System32\windows.storage.dll
0x00007ff8cc730000 - 0x00007ff8cc781000 	C:\WINDOWS\System32\shlwapi.dll
0x00007ff8cb470000 - 0x00007ff8cb481000 	C:\WINDOWS\System32\kernel.appcore.dll
0x00007ff8cb450000 - 0x00007ff8cb46f000 	C:\WINDOWS\System32\profapi.dll
0x00007ff8cb4b0000 - 0x00007ff8cb4fc000 	C:\WINDOWS\System32\powrprof.dll
0x00007ff8cb500000 - 0x00007ff8cb50a000 	C:\WINDOWS\System32\FLTLIB.DLL
0x00007ff8c0230000 - 0x00007ff8c023d000 	C:\Program Files\Java\jdk1.8.0_201\jre\bin\management.dll
0x00007ff8b7850000 - 0x00007ff8b786a000 	C:\Program Files\Java\jdk1.8.0_201\jre\bin\net.dll
0x00007ff8c38d0000 - 0x00007ff8c3a99000 	C:\WINDOWS\SYSTEM32\urlmon.dll
0x00007ff8c2560000 - 0x00007ff8c2805000 	C:\WINDOWS\SYSTEM32\iertutil.dll
0x00007ff8cae20000 - 0x00007ff8cae2b000 	C:\WINDOWS\SYSTEM32\CRYPTBASE.DLL
0x00007ff8cac70000 - 0x00007ff8cacd6000 	C:\WINDOWS\system32\mswsock.dll
0x00007ff8b6db0000 - 0x00007ff8b6dc1000 	C:\Program Files\Java\jdk1.8.0_201\jre\bin\nio.dll
0x00007ff8b9c50000 - 0x00007ff8b9c66000 	C:\WINDOWS\system32\napinsp.dll
0x00007ff8b9ac0000 - 0x00007ff8b9ada000 	C:\WINDOWS\system32\pnrpnsp.dll
0x00007ff8c7c60000 - 0x00007ff8c7c79000 	C:\WINDOWS\system32\NLAapi.dll
0x00007ff8caa30000 - 0x00007ff8caaee000 	C:\WINDOWS\SYSTEM32\DNSAPI.dll
0x00007ff8cc850000 - 0x00007ff8cc858000 	C:\WINDOWS\System32\NSI.dll
0x00007ff8ca9f0000 - 0x00007ff8caa28000 	C:\WINDOWS\SYSTEM32\IPHLPAPI.DLL
0x00007ff8c7c90000 - 0x00007ff8c7c9e000 	C:\WINDOWS\System32\winrnr.dll
0x00007ff8c6f10000 - 0x00007ff8c6f1a000 	C:\Windows\System32\rasadhlp.dll
0x00007ff8c6f20000 - 0x00007ff8c6f92000 	C:\WINDOWS\System32\fwpuclnt.dll
0x00007ff8caf50000 - 0x00007ff8caf75000 	C:\WINDOWS\SYSTEM32\bcrypt.dll

VM Arguments:
java_command: C:\Users\RUANFE~1\AppData\Local\Temp\surefire207783459225815742\surefirebooter8797885689014144302.jar C:\Users\Ruan Felipe\AppData\Local\Temp\surefire207783459225815742 2019-02-23T04-16-08_082-jvmRun1 surefire6880283955238972982tmp surefire_03450336196877137373tmp
java_class_path (initial): C:\Users\RUANFE~1\AppData\Local\Temp\surefire207783459225815742\surefirebooter8797885689014144302.jar
Launcher Type: SUN_STANDARD

Environment Variables:
JAVA_HOME=C:\PROGRA~1\Java\jdk1.8.0_201
CLASSPATH=.;
PATH=C:\ProgramData\Oracle\Java\javapath;C:\app\product\11.2.0\dbhome_1\bin;C:\WINDOWS\system32;C:\WINDOWS;C:\WINDOWS\System32\Wbem;C:\WINDOWS\System32\WindowsPowerShell\v1.0\;C:\Program Files\Intel\WiFi\bin\;C:\Program Files\Common Files\Intel\WirelessCommon\;C:\Program Files\WIDCOMM\Bluetooth Software\;C:\Program Files\WIDCOMM\Bluetooth Software\syswow64;C:\Program Files (x86)\Hewlett-Packard\HP SimplePass Identity Protection\x64;C:\Program Files\Int;c:\Program Files (x86)\Microsoft SQL Server\100\Tools\Binn\VSShell\Common7\IDE\;C:\Program Files (x86)\Hewlett-Packard\HP SimplePass Identity Protection\;C:\PROGRA~1\Java\jdk1.8.0_201\bin;C:\apache-maven-3.2.1\bin;C:\Program Files\Git\cmd;C:\WINDOWS\System32\OpenSSH\;C:\Users\Ruan Felipe\AppData\Local\Microsoft\WindowsApps;C:\Program Files\Docker Toolbox;C:\Program Files\Docker Toolbox
USERNAME=Ruan Felipe
OS=Windows_NT
PROCESSOR_IDENTIFIER=Intel64 Family 6 Model 37 Stepping 5, GenuineIntel



---------------  S Y S T E M  ---------------

OS: Windows 10.0 , 64 bit Build 17134 (10.0.17134.556)

CPU:total 4 (initial active 4) (2 cores per cpu, 2 threads per core) family 6 model 37 stepping 5, cmov, cx8, fxsr, mmx, sse, sse2, sse3, ssse3, sse4.1, sse4.2, popcnt, ht, tsc, tscinvbit

Memory: 4k page, physical 6084460k(356324k free), swap 6084460k(13232k free)

vm_info: Java HotSpot(TM) 64-Bit Server VM (25.201-b09) for windows-amd64 JRE (1.8.0_201-b09), built on Dec 15 2018 18:36:39 by "java_re" with MS VC++ 10.0 (VS2010)

time: Sat Feb 23 04:16:15 2019
timezone: E. South America Standard Time
elapsed time: 5 seconds (0d 0h 0m 5s)

